<?xml version="1.0" encoding="UTF-8"?>
<testsuite name="stack.and.queue.AppTest" tests="1" skipped="0" failures="0" errors="0" timestamp="2021-07-15T15:27:40" hostname="THINK1T" time="0.018">
  <properties/>
  <testcase name="testAnimalShelterDequeue()" classname="stack.and.queue.AppTest" time="0.018"/>
  <system-out><![CDATA[]]></system-out>
  <system-err><![CDATA[]]></system-err>
</testsuite>
