<?xml version="1.0" encoding="UTF-8"?>
<testsuite name="stack.and.queue2.AppTest" tests="5" skipped="0" failures="0" errors="0" timestamp="2021-07-17T13:24:04" hostname="THINK1T" time="0.033">
  <properties/>
  <testcase name="testPeekQueue()" classname="stack.and.queue2.AppTest" time="0.025"/>
  <testcase name="testPeekStack()" classname="stack.and.queue2.AppTest" time="0.001"/>
  <testcase name="testEnqueueQueue()" classname="stack.and.queue2.AppTest" time="0.001"/>
  <testcase name="testPushStack()" classname="stack.and.queue2.AppTest" time="0.001"/>
  <testcase name="appHasAGreeting()" classname="stack.and.queue2.AppTest" time="0.002"/>
  <system-out><![CDATA[]]></system-out>
  <system-err><![CDATA[]]></system-err>
</testsuite>
